Traceback (most recent call last):
  File "/Users/melwalsh/anaconda3/lib/python3.11/site-packages/jupyter_cache/executors/utils.py", line 58, in single_nb_execution
    executenb(
  File "/Users/melwalsh/anaconda3/lib/python3.11/site-packages/nbclient/client.py", line 1305, in execute
    return NotebookClient(nb=nb, resources=resources, km=km, **kwargs).execute()
           ^^^^^^^^^^^^^^^^^^^^^^^^^^^^^^^^^^^^^^^^^^^^^^^^^^^^^^^^^^^^^^^^^^^^^
  File "/Users/melwalsh/anaconda3/lib/python3.11/site-packages/jupyter_core/utils/__init__.py", line 173, in wrapped
    return loop.run_until_complete(inner)
           ^^^^^^^^^^^^^^^^^^^^^^^^^^^^^^
  File "/Users/melwalsh/anaconda3/lib/python3.11/asyncio/base_events.py", line 654, in run_until_complete
    return future.result()
           ^^^^^^^^^^^^^^^
  File "/Users/melwalsh/anaconda3/lib/python3.11/site-packages/nbclient/client.py", line 705, in async_execute
    await self.async_execute_cell(
  File "/Users/melwalsh/anaconda3/lib/python3.11/site-packages/nbclient/client.py", line 1058, in async_execute_cell
    await self._check_raise_for_error(cell, cell_index, exec_reply)
  File "/Users/melwalsh/anaconda3/lib/python3.11/site-packages/nbclient/client.py", line 914, in _check_raise_for_error
    raise CellExecutionError.from_cell_and_msg(cell, exec_reply_content)
nbclient.exceptions.CellExecutionError: An error occurred while executing the following cell:
------------------
# Below commands help us to save the modified dataframe into a new output csv file which could be used in further steps of processing in the next notebook modules.
dfo = pd.DataFrame(df)
dfo.to_csv('Datasets/LoS_Clean_Output_Mod1.csv', index=False)
------------------


[0;31m---------------------------------------------------------------------------[0m
[0;31mOSError[0m                                   Traceback (most recent call last)
Cell [0;32mIn[15], line 3[0m
[1;32m      1[0m [38;5;66;03m# Below commands help us to save the modified dataframe into a new output csv file which could be used in further steps of processing in the next notebook modules.[39;00m
[1;32m      2[0m dfo [38;5;241m=[39m pd[38;5;241m.[39mDataFrame(df)
[0;32m----> 3[0m dfo[38;5;241m.[39mto_csv([38;5;124m'[39m[38;5;124mDatasets/LoS_Clean_Output_Mod1.csv[39m[38;5;124m'[39m, index[38;5;241m=[39m[38;5;28;01mFalse[39;00m)

File [0;32m~/anaconda3/lib/python3.11/site-packages/pandas/util/_decorators.py:333[0m, in [0;36mdeprecate_nonkeyword_arguments.<locals>.decorate.<locals>.wrapper[0;34m(*args, **kwargs)[0m
[1;32m    327[0m [38;5;28;01mif[39;00m [38;5;28mlen[39m(args) [38;5;241m>[39m num_allow_args:
[1;32m    328[0m     warnings[38;5;241m.[39mwarn(
[1;32m    329[0m         msg[38;5;241m.[39mformat(arguments[38;5;241m=[39m_format_argument_list(allow_args)),
[1;32m    330[0m         [38;5;167;01mFutureWarning[39;00m,
[1;32m    331[0m         stacklevel[38;5;241m=[39mfind_stack_level(),
[1;32m    332[0m     )
[0;32m--> 333[0m [38;5;28;01mreturn[39;00m func([38;5;241m*[39margs, [38;5;241m*[39m[38;5;241m*[39mkwargs)

File [0;32m~/anaconda3/lib/python3.11/site-packages/pandas/core/generic.py:3964[0m, in [0;36mNDFrame.to_csv[0;34m(self, path_or_buf, sep, na_rep, float_format, columns, header, index, index_label, mode, encoding, compression, quoting, quotechar, lineterminator, chunksize, date_format, doublequote, escapechar, decimal, errors, storage_options)[0m
[1;32m   3953[0m df [38;5;241m=[39m [38;5;28mself[39m [38;5;28;01mif[39;00m [38;5;28misinstance[39m([38;5;28mself[39m, ABCDataFrame) [38;5;28;01melse[39;00m [38;5;28mself[39m[38;5;241m.[39mto_frame()
[1;32m   3955[0m formatter [38;5;241m=[39m DataFrameFormatter(
[1;32m   3956[0m     frame[38;5;241m=[39mdf,
[1;32m   3957[0m     header[38;5;241m=[39mheader,
[0;32m   (...)[0m
[1;32m   3961[0m     decimal[38;5;241m=[39mdecimal,
[1;32m   3962[0m )
[0;32m-> 3964[0m [38;5;28;01mreturn[39;00m DataFrameRenderer(formatter)[38;5;241m.[39mto_csv(
[1;32m   3965[0m     path_or_buf,
[1;32m   3966[0m     lineterminator[38;5;241m=[39mlineterminator,
[1;32m   3967[0m     sep[38;5;241m=[39msep,
[1;32m   3968[0m     encoding[38;5;241m=[39mencoding,
[1;32m   3969[0m     errors[38;5;241m=[39merrors,
[1;32m   3970[0m     compression[38;5;241m=[39mcompression,
[1;32m   3971[0m     quoting[38;5;241m=[39mquoting,
[1;32m   3972[0m     columns[38;5;241m=[39mcolumns,
[1;32m   3973[0m     index_label[38;5;241m=[39mindex_label,
[1;32m   3974[0m     mode[38;5;241m=[39mmode,
[1;32m   3975[0m     chunksize[38;5;241m=[39mchunksize,
[1;32m   3976[0m     quotechar[38;5;241m=[39mquotechar,
[1;32m   3977[0m     date_format[38;5;241m=[39mdate_format,
[1;32m   3978[0m     doublequote[38;5;241m=[39mdoublequote,
[1;32m   3979[0m     escapechar[38;5;241m=[39mescapechar,
[1;32m   3980[0m     storage_options[38;5;241m=[39mstorage_options,
[1;32m   3981[0m )

File [0;32m~/anaconda3/lib/python3.11/site-packages/pandas/io/formats/format.py:1014[0m, in [0;36mDataFrameRenderer.to_csv[0;34m(self, path_or_buf, encoding, sep, columns, index_label, mode, compression, quoting, quotechar, lineterminator, chunksize, date_format, doublequote, escapechar, errors, storage_options)[0m
[1;32m    993[0m     created_buffer [38;5;241m=[39m [38;5;28;01mFalse[39;00m
[1;32m    995[0m csv_formatter [38;5;241m=[39m CSVFormatter(
[1;32m    996[0m     path_or_buf[38;5;241m=[39mpath_or_buf,
[1;32m    997[0m     lineterminator[38;5;241m=[39mlineterminator,
[0;32m   (...)[0m
[1;32m   1012[0m     formatter[38;5;241m=[39m[38;5;28mself[39m[38;5;241m.[39mfmt,
[1;32m   1013[0m )
[0;32m-> 1014[0m csv_formatter[38;5;241m.[39msave()
[1;32m   1016[0m [38;5;28;01mif[39;00m created_buffer:
[1;32m   1017[0m     [38;5;28;01massert[39;00m [38;5;28misinstance[39m(path_or_buf, StringIO)

File [0;32m~/anaconda3/lib/python3.11/site-packages/pandas/io/formats/csvs.py:251[0m, in [0;36mCSVFormatter.save[0;34m(self)[0m
[1;32m    247[0m [38;5;250m[39m[38;5;124;03m"""[39;00m
[1;32m    248[0m [38;5;124;03mCreate the writer & save.[39;00m
[1;32m    249[0m [38;5;124;03m"""[39;00m
[1;32m    250[0m [38;5;66;03m# apply compression and byte/text conversion[39;00m
[0;32m--> 251[0m [38;5;28;01mwith[39;00m get_handle(
[1;32m    252[0m     [38;5;28mself[39m[38;5;241m.[39mfilepath_or_buffer,
[1;32m    253[0m     [38;5;28mself[39m[38;5;241m.[39mmode,
[1;32m    254[0m     encoding[38;5;241m=[39m[38;5;28mself[39m[38;5;241m.[39mencoding,
[1;32m    255[0m     errors[38;5;241m=[39m[38;5;28mself[39m[38;5;241m.[39merrors,
[1;32m    256[0m     compression[38;5;241m=[39m[38;5;28mself[39m[38;5;241m.[39mcompression,
[1;32m    257[0m     storage_options[38;5;241m=[39m[38;5;28mself[39m[38;5;241m.[39mstorage_options,
[1;32m    258[0m ) [38;5;28;01mas[39;00m handles:
[1;32m    259[0m     [38;5;66;03m# Note: self.encoding is irrelevant here[39;00m
[1;32m    260[0m     [38;5;28mself[39m[38;5;241m.[39mwriter [38;5;241m=[39m csvlib[38;5;241m.[39mwriter(
[1;32m    261[0m         handles[38;5;241m.[39mhandle,
[1;32m    262[0m         lineterminator[38;5;241m=[39m[38;5;28mself[39m[38;5;241m.[39mlineterminator,
[0;32m   (...)[0m
[1;32m    267[0m         quotechar[38;5;241m=[39m[38;5;28mself[39m[38;5;241m.[39mquotechar,
[1;32m    268[0m     )
[1;32m    270[0m     [38;5;28mself[39m[38;5;241m.[39m_save()

File [0;32m~/anaconda3/lib/python3.11/site-packages/pandas/io/common.py:749[0m, in [0;36mget_handle[0;34m(path_or_buf, mode, encoding, compression, memory_map, is_text, errors, storage_options)[0m
[1;32m    747[0m [38;5;66;03m# Only for write methods[39;00m
[1;32m    748[0m [38;5;28;01mif[39;00m [38;5;124m"[39m[38;5;124mr[39m[38;5;124m"[39m [38;5;129;01mnot[39;00m [38;5;129;01min[39;00m mode [38;5;129;01mand[39;00m is_path:
[0;32m--> 749[0m     check_parent_directory([38;5;28mstr[39m(handle))
[1;32m    751[0m [38;5;28;01mif[39;00m compression:
[1;32m    752[0m     [38;5;28;01mif[39;00m compression [38;5;241m!=[39m [38;5;124m"[39m[38;5;124mzstd[39m[38;5;124m"[39m:
[1;32m    753[0m         [38;5;66;03m# compression libraries do not like an explicit text-mode[39;00m

File [0;32m~/anaconda3/lib/python3.11/site-packages/pandas/io/common.py:616[0m, in [0;36mcheck_parent_directory[0;34m(path)[0m
[1;32m    614[0m parent [38;5;241m=[39m Path(path)[38;5;241m.[39mparent
[1;32m    615[0m [38;5;28;01mif[39;00m [38;5;129;01mnot[39;00m parent[38;5;241m.[39mis_dir():
[0;32m--> 616[0m     [38;5;28;01mraise[39;00m [38;5;167;01mOSError[39;00m([38;5;124mrf[39m[38;5;124m"[39m[38;5;124mCannot save file into a non-existent directory: [39m[38;5;124m'[39m[38;5;132;01m{[39;00mparent[38;5;132;01m}[39;00m[38;5;124m'[39m[38;5;124m"[39m)

[0;31mOSError[0m: Cannot save file into a non-existent directory: 'Datasets'

